<?xml version="1.0" encoding="UTF-8"?>
<!-- Generated by org.testng.reporters.JUnitReportReporter -->
<testsuite hostname="Serge-PC" name="selenium_course_kolomoets.LoginTest" tests="1" failures="0" timestamp="8 Jul 2015 12:03:08 GMT" time="2.332" errors="0">
  <testcase name="testUntitled" time="2.332" classname="selenium_course_kolomoets.LoginTest"/>
</testsuite> <!-- selenium_course_kolomoets.LoginTest -->
